DIAGNOSTIC: Successfully opened 1ball for input.
DIAGNOSTIC: 1 balls allocated.
DIAGNOSTIC: 1 nodes allocated.
fscanf returned -1
DIAGNOSTIC: Closed input file 1ball.

At time  0.0000:
Ball # 8 is at (12.500, 12.500) moving (  22.5000,    0.0000)

At time  0.0250:
Ball # 8 is at (13.062, 12.500) moving (  22.4035,    0.0000)

At time  0.0500:
Ball # 8 is at (13.623, 12.500) moving (  22.3070,    0.0000)

At time  0.0750:
Ball # 8 is at (14.180, 12.500) moving (  22.2104,    0.0000)

At time  0.1000:
Ball # 8 is at (14.736, 12.500) moving (  22.1139,    0.0000)

At time  0.1250:
Ball # 8 is at (15.288, 12.500) moving (  22.0174,    0.0000)

At time  0.1500:
Ball # 8 is at (15.839, 12.500) moving (  21.9209,    0.0000)

At time  0.1750:
Ball # 8 is at (16.387, 12.500) moving (  21.8243,    0.0000)

At time  0.2000:
Ball # 8 is at (16.932, 12.500) moving (  21.7278,    0.0000)

At time  0.2250:
Ball # 8 is at (17.476, 12.500) moving (  21.6313,    0.0000)

At time  0.2500:
Ball # 8 is at (18.016, 12.500) moving (  21.5348,    0.0000)

At time  0.2750:
Ball # 8 is at (18.555, 12.500) moving (  21.4383,    0.0000)

At time  0.3000:
Ball # 8 is at (19.091, 12.500) moving (  21.3417,    0.0000)

At time  0.3250:
Ball # 8 is at (19.624, 12.500) moving (  21.2452,    0.0000)

At time  0.3500:
Ball # 8 is at (20.155, 12.500) moving (  21.1487,    0.0000)

At time  0.3750:
Ball # 8 is at (20.684, 12.500) moving (  21.0522,    0.0000)

At time  0.4000:
Ball # 8 is at (21.210, 12.500) moving (  20.9556,    0.0000)

At time  0.4250:
Ball # 8 is at (21.734, 12.500) moving (  20.8591,    0.0000)

At time  0.4500:
Ball # 8 is at (22.256, 12.500) moving (  20.7626,    0.0000)

At time  0.4750:
Ball # 8 is at (22.775, 12.500) moving (  20.6661,    0.0000)

At time  0.5000:
Ball # 8 is at (23.292, 12.500) moving (  20.5696,    0.0000)

At time  0.5250:
Ball # 8 is at (23.806, 12.500) moving (  20.4730,    0.0000)

At time  0.5500:
Ball # 8 is at (24.318, 12.500) moving (  20.3765,    0.0000)

At time  0.5750:
Ball # 8 is at (24.827, 12.500) moving (  20.2800,    0.0000)

At time  0.6000:
Ball # 8 is at (25.334, 12.500) moving (  20.1835,    0.0000)

At time  0.6250:
Ball # 8 is at (25.839, 12.500) moving (  20.0869,    0.0000)

At time  0.6500:
Ball # 8 is at (26.341, 12.500) moving (  19.9904,    0.0000)

At time  0.6750:
Ball # 8 is at (26.841, 12.500) moving (  19.8939,    0.0000)

At time  0.7000:
Ball # 8 is at (27.338, 12.500) moving (  19.7974,    0.0000)

At time  0.7250:
Ball # 8 is at (27.833, 12.500) moving (  19.7009,    0.0000)

At time  0.7500:
Ball # 8 is at (28.325, 12.500) moving (  19.6043,    0.0000)

At time  0.7750:
Ball # 8 is at (28.815, 12.500) moving (  19.5078,    0.0000)

At time  0.8000:
Ball # 8 is at (29.303, 12.500) moving (  19.4113,    0.0000)

At time  0.8250:
Ball # 8 is at (29.788, 12.500) moving (  19.3148,    0.0000)

At time  0.8500:
Ball # 8 is at (30.271, 12.500) moving (  19.2182,    0.0000)

At time  0.8750:
Ball # 8 is at (30.752, 12.500) moving (  19.1217,    0.0000)

At time  0.9000:
Ball # 8 is at (31.230, 12.500) moving (  19.0252,    0.0000)

At time  0.9250:
Ball # 8 is at (31.705, 12.500) moving (  18.9287,    0.0000)

At time  0.9500:
Ball # 8 is at (32.179, 12.500) moving (  18.8322,    0.0000)

At time  0.9750:
Ball # 8 is at (32.649, 12.500) moving (  18.7356,    0.0000)

At time  1.0000:
Ball # 8 is at (33.118, 12.500) moving (  18.6391,    0.0000)

At time  1.0250:
Ball # 8 is at (33.584, 12.500) moving (  18.5426,    0.0000)

At time  1.0500:
Ball # 8 is at (34.047, 12.500) moving (  18.4461,    0.0000)

At time  1.0750:
Ball # 8 is at (34.509, 12.500) moving (  18.3495,    0.0000)

At time  1.1000:
Ball # 8 is at (34.967, 12.500) moving (  18.2530,    0.0000)

At time  1.1250:
Ball # 8 is at (35.424, 12.500) moving (  18.1565,    0.0000)

At time  1.1500:
Ball # 8 is at (35.877, 12.500) moving (  18.0600,    0.0000)

At time  1.1750:
Ball # 8 is at (36.329, 12.500) moving (  17.9635,    0.0000)

At time  1.2000:
Ball # 8 is at (36.778, 12.500) moving (  17.8669,    0.0000)

At time  1.2250:
Ball # 8 is at (37.225, 12.500) moving (  17.7704,    0.0000)

At time  1.2500:
Ball # 8 is at (37.669, 12.500) moving (  17.6739,    0.0000)

At time  1.2750:
Ball # 8 is at (38.111, 12.500) moving (  17.5774,    0.0000)

At time  1.3000:
Ball # 8 is at (38.550, 12.500) moving (  17.4808,    0.0000)

At time  1.3250:
Ball # 8 is at (38.987, 12.500) moving (  17.3843,    0.0000)

At time  1.3500:
Ball # 8 is at (39.422, 12.500) moving (  17.2878,    0.0000)

At time  1.3750:
Ball # 8 is at (39.854, 12.500) moving (  17.1913,    0.0000)

At time  1.4000:
Ball # 8 is at (40.284, 12.500) moving (  17.0948,    0.0000)

At time  1.4250:
Ball # 8 is at (40.711, 12.500) moving (  16.9982,    0.0000)

At time  1.4500:
Ball # 8 is at (41.136, 12.500) moving (  16.9017,    0.0000)

At time  1.4750:
Ball # 8 is at (41.559, 12.500) moving (  16.8052,    0.0000)

At time  1.5000:
Ball # 8 is at (41.979, 12.500) moving (  16.7087,    0.0000)

At time  1.5250:
Ball # 8 is at (42.397, 12.500) moving (  16.6121,    0.0000)

At time  1.5500:
Ball # 8 is at (42.812, 12.500) moving (  16.5156,    0.0000)

At time  1.5750:
Ball # 8 is at (43.225, 12.500) moving (  16.4191,    0.0000)

At time  1.6000:
Ball # 8 is at (43.635, 12.500) moving (  16.3226,    0.0000)

At time  1.6250:
Ball # 8 is at (44.043, 12.500) moving (  16.2261,    0.0000)

At time  1.6500:
Ball # 8 is at (44.449, 12.500) moving (  16.1295,    0.0000)

At time  1.6750:
Ball # 8 is at (44.852, 12.500) moving (  16.0330,    0.0000)

At time  1.7000:
Ball # 8 is at (45.253, 12.500) moving (  15.9365,    0.0000)

At time  1.7250:
Ball # 8 is at (45.651, 12.500) moving (  15.8400,    0.0000)

At time  1.7500:
Ball # 8 is at (46.047, 12.500) moving (  15.7434,    0.0000)

At time  1.7750:
Ball # 8 is at (46.441, 12.500) moving (  15.6469,    0.0000)

At time  1.8000:
Ball # 8 is at (46.832, 12.500) moving (  15.5504,    0.0000)

At time  1.8250:
Ball # 8 is at (47.221, 12.500) moving (  15.4539,    0.0000)

At time  1.8500:
Ball # 8 is at (47.607, 12.500) moving (  15.3574,    0.0000)

At time  1.8750:
Ball # 8 is at (47.991, 12.500) moving (  15.2608,    0.0000)

At time  1.9000:
Ball # 8 is at (48.373, 12.500) moving (  15.1643,    0.0000)

At time  1.9250:
Ball # 8 is at (48.752, 12.500) moving (  15.0678,    0.0000)

At time  1.9500:
Ball # 8 is at (49.129, 12.500) moving (  14.9713,    0.0000)

At time  1.9750:
Ball # 8 is at (49.503, 12.500) moving (  14.8748,    0.0000)

At time  2.0000:
Ball # 8 is at (49.875, 12.500) moving (  14.7782,    0.0000)

At time  2.0250:
Ball # 8 is at (50.244, 12.500) moving (  14.6817,    0.0000)

At time  2.0500:
Ball # 8 is at (50.611, 12.500) moving (  14.5852,    0.0000)

At time  2.0750:
Ball # 8 is at (50.976, 12.500) moving (  14.4887,    0.0000)

At time  2.1000:
Ball # 8 is at (51.338, 12.500) moving (  14.3921,    0.0000)

At time  2.1250:
Ball # 8 is at (51.698, 12.500) moving (  14.2956,    0.0000)

At time  2.1500:
Ball # 8 is at (52.055, 12.500) moving (  14.1991,    0.0000)

At time  2.1750:
Ball # 8 is at (52.410, 12.500) moving (  14.1026,    0.0000)

At time  2.2000:
Ball # 8 is at (52.763, 12.500) moving (  14.0061,    0.0000)

At time  2.2250:
Ball # 8 is at (53.113, 12.500) moving (  13.9095,    0.0000)

At time  2.2500:
Ball # 8 is at (53.461, 12.500) moving (  13.8130,    0.0000)

At time  2.2750:
Ball # 8 is at (53.806, 12.500) moving (  13.7165,    0.0000)

At time  2.3000:
Ball # 8 is at (54.149, 12.500) moving (  13.6200,    0.0000)

At time  2.3250:
Ball # 8 is at (54.489, 12.500) moving (  13.5234,    0.0000)

At time  2.3500:
Ball # 8 is at (54.828, 12.500) moving (  13.4269,    0.0000)

At time  2.3750:
Ball # 8 is at (55.163, 12.500) moving (  13.3304,    0.0000)

At time  2.4000:
Ball # 8 is at (55.496, 12.500) moving (  13.2339,    0.0000)

At time  2.4250:
Ball # 8 is at (55.827, 12.500) moving (  13.1374,    0.0000)

At time  2.4500:
Ball # 8 is at (56.156, 12.500) moving (  13.0408,    0.0000)

At time  2.4750:
Ball # 8 is at (56.482, 12.500) moving (  12.9443,    0.0000)

At time  2.5000:
Ball # 8 is at (56.805, 12.500) moving (  12.8478,    0.0000)

At time  2.5250:
Ball # 8 is at (57.127, 12.500) moving (  12.7513,    0.0000)

At time  2.5500:
Ball # 8 is at (57.445, 12.500) moving (  12.6547,    0.0000)

At time  2.5750:
Ball # 8 is at (57.762, 12.500) moving (  12.5582,    0.0000)

At time  2.6000:
Ball # 8 is at (58.076, 12.500) moving (  12.4617,    0.0000)

At time  2.6250:
Ball # 8 is at (58.387, 12.500) moving (  12.3652,    0.0000)

At time  2.6500:
Ball # 8 is at (58.696, 12.500) moving (  12.2687,    0.0000)

At time  2.6750:
Ball # 8 is at (59.003, 12.500) moving (  12.1721,    0.0000)

At time  2.7000:
Ball # 8 is at (59.307, 12.500) moving (  12.0756,    0.0000)

At time  2.7250:
Ball # 8 is at (59.609, 12.500) moving (  11.9791,    0.0000)

At time  2.7500:
Ball # 8 is at (59.909, 12.500) moving (  11.8826,    0.0000)

At time  2.7750:
Ball # 8 is at (60.206, 12.500) moving (  11.7860,    0.0000)

At time  2.8000:
Ball # 8 is at (60.500, 12.500) moving (  11.6895,    0.0000)

At time  2.8250:
Ball # 8 is at (60.793, 12.500) moving (  11.5930,    0.0000)

At time  2.8500:
Ball # 8 is at (61.083, 12.500) moving (  11.4965,    0.0000)

At time  2.8750:
Ball # 8 is at (61.370, 12.500) moving (  11.4000,    0.0000)

At time  2.9000:
Ball # 8 is at (61.655, 12.500) moving (  11.3034,    0.0000)

At time  2.9250:
Ball # 8 is at (61.938, 12.500) moving (  11.2069,    0.0000)

At time  2.9500:
Ball # 8 is at (62.218, 12.500) moving (  11.1104,    0.0000)

At time  2.9750:
Ball # 8 is at (62.495, 12.500) moving (  11.0139,    0.0000)

At time  3.0000:
Ball # 8 is at (62.771, 12.500) moving (  10.9173,    0.0000)

At time  3.0250:
Ball # 8 is at (63.044, 12.500) moving (  10.8208,    0.0000)

At time  3.0500:
Ball # 8 is at (63.314, 12.500) moving (  10.7243,    0.0000)

At time  3.0750:
Ball # 8 is at (63.582, 12.500) moving (  10.6278,    0.0000)

At time  3.1000:
Ball # 8 is at (63.848, 12.500) moving (  10.5313,    0.0000)

At time  3.1250:
Ball # 8 is at (64.111, 12.500) moving (  10.4347,    0.0000)

At time  3.1500:
Ball # 8 is at (64.372, 12.500) moving (  10.3382,    0.0000)

At time  3.1750:
Ball # 8 is at (64.631, 12.500) moving (  10.2417,    0.0000)

At time  3.2000:
Ball # 8 is at (64.887, 12.500) moving (  10.1452,    0.0000)

At time  3.2250:
Ball # 8 is at (65.140, 12.500) moving (  10.0486,    0.0000)

At time  3.2500:
Ball # 8 is at (65.392, 12.500) moving (   9.9521,    0.0000)

At time  3.2750:
Ball # 8 is at (65.640, 12.500) moving (   9.8556,    0.0000)

At time  3.3000:
Ball # 8 is at (65.887, 12.500) moving (   9.7591,    0.0000)

At time  3.3250:
Ball # 8 is at (66.131, 12.500) moving (   9.6626,    0.0000)

At time  3.3500:
Ball # 8 is at (66.372, 12.500) moving (   9.5660,    0.0000)

At time  3.3750:
Ball # 8 is at (66.611, 12.500) moving (   9.4695,    0.0000)

At time  3.4000:
Ball # 8 is at (66.848, 12.500) moving (   9.3730,    0.0000)

At time  3.4250:
Ball # 8 is at (67.082, 12.500) moving (   9.2765,    0.0000)

At time  3.4500:
Ball # 8 is at (67.314, 12.500) moving (   9.1799,    0.0000)

At time  3.4750:
Ball # 8 is at (67.544, 12.500) moving (   9.0834,    0.0000)

At time  3.5000:
Ball # 8 is at (67.771, 12.500) moving (   8.9869,    0.0000)

At time  3.5250:
Ball # 8 is at (67.996, 12.500) moving (   8.8904,    0.0000)

At time  3.5500:
Ball # 8 is at (68.218, 12.500) moving (   8.7939,    0.0000)

At time  3.5750:
Ball # 8 is at (68.438, 12.500) moving (   8.6973,    0.0000)

At time  3.6000:
Ball # 8 is at (68.655, 12.500) moving (   8.6008,    0.0000)

At time  3.6250:
Ball # 8 is at (68.870, 12.500) moving (   8.5043,    0.0000)

At time  3.6500:
Ball # 8 is at (69.083, 12.500) moving (   8.4078,    0.0000)

At time  3.6750:
Ball # 8 is at (69.293, 12.500) moving (   8.3112,    0.0000)

At time  3.7000:
Ball # 8 is at (69.501, 12.500) moving (   8.2147,    0.0000)

At time  3.7250:
Ball # 8 is at (69.706, 12.500) moving (   8.1182,    0.0000)

At time  3.7500:
Ball # 8 is at (69.909, 12.500) moving (   8.0217,    0.0000)

At time  3.7750:
Ball # 8 is at (70.110, 12.500) moving (   7.9252,    0.0000)

At time  3.8000:
Ball # 8 is at (70.308, 12.500) moving (   7.8286,    0.0000)

At time  3.8250:
Ball # 8 is at (70.504, 12.500) moving (   7.7321,    0.0000)

At time  3.8500:
Ball # 8 is at (70.697, 12.500) moving (   7.6356,    0.0000)

At time  3.8750:
Ball # 8 is at (70.888, 12.500) moving (   7.5391,    0.0000)

At time  3.9000:
Ball # 8 is at (71.076, 12.500) moving (   7.4425,    0.0000)

At time  3.9250:
Ball # 8 is at (71.262, 12.500) moving (   7.3460,    0.0000)

At time  3.9500:
Ball # 8 is at (71.446, 12.500) moving (   7.2495,    0.0000)

At time  3.9750:
Ball # 8 is at (71.627, 12.500) moving (   7.1530,    0.0000)

At time  4.0000:
Ball # 8 is at (71.806, 12.500) moving (   7.0565,    0.0000)

At time  4.0250:
Ball # 8 is at (71.982, 12.500) moving (   6.9599,    0.0000)

At time  4.0500:
Ball # 8 is at (72.156, 12.500) moving (   6.8634,    0.0000)

At time  4.0750:
Ball # 8 is at (72.328, 12.500) moving (   6.7669,    0.0000)

At time  4.1000:
Ball # 8 is at (72.497, 12.500) moving (   6.6704,    0.0000)

At time  4.1250:
Ball # 8 is at (72.664, 12.500) moving (   6.5738,    0.0000)

At time  4.1500:
Ball # 8 is at (72.828, 12.500) moving (   6.4773,    0.0000)

At time  4.1750:
Ball # 8 is at (72.990, 12.500) moving (   6.3808,    0.0000)

At time  4.2000:
Ball # 8 is at (73.150, 12.500) moving (   6.2843,    0.0000)

At time  4.2250:
Ball # 8 is at (73.307, 12.500) moving (   6.1878,    0.0000)

At time  4.2500:
Ball # 8 is at (73.461, 12.500) moving (   6.0912,    0.0000)

At time  4.2750:
Ball # 8 is at (73.614, 12.500) moving (   5.9947,    0.0000)

At time  4.3000:
Ball # 8 is at (73.764, 12.500) moving (   5.8982,    0.0000)

At time  4.3250:
Ball # 8 is at (73.911, 12.500) moving (   5.8017,    0.0000)

At time  4.3500:
Ball # 8 is at (74.056, 12.500) moving (   5.7051,    0.0000)

At time  4.3750:
Ball # 8 is at (74.199, 12.500) moving (   5.6086,    0.0000)

At time  4.4000:
Ball # 8 is at (74.339, 12.500) moving (   5.5121,    0.0000)

At time  4.4250:
Ball # 8 is at (74.477, 12.500) moving (   5.4156,    0.0000)

At time  4.4500:
Ball # 8 is at (74.612, 12.500) moving (   5.3191,    0.0000)

At time  4.4750:
Ball # 8 is at (74.745, 12.500) moving (   5.2225,    0.0000)

At time  4.5000:
Ball # 8 is at (74.876, 12.500) moving (   5.1260,    0.0000)

At time  4.5250:
Ball # 8 is at (75.004, 12.500) moving (   5.0295,    0.0000)

At time  4.5500:
Ball # 8 is at (75.130, 12.500) moving (   4.9330,    0.0000)

At time  4.5750:
Ball # 8 is at (75.253, 12.500) moving (   4.8364,    0.0000)

At time  4.6000:
Ball # 8 is at (75.374, 12.500) moving (   4.7399,    0.0000)

At time  4.6250:
Ball # 8 is at (75.492, 12.500) moving (   4.6434,    0.0000)

At time  4.6500:
Ball # 8 is at (75.608, 12.500) moving (   4.5469,    0.0000)

At time  4.6750:
Ball # 8 is at (75.722, 12.500) moving (   4.4504,    0.0000)

At time  4.7000:
Ball # 8 is at (75.833, 12.500) moving (   4.3538,    0.0000)

At time  4.7250:
Ball # 8 is at (75.942, 12.500) moving (   4.2573,    0.0000)

At time  4.7500:
Ball # 8 is at (76.049, 12.500) moving (   4.1608,    0.0000)

At time  4.7750:
Ball # 8 is at (76.153, 12.500) moving (   4.0643,    0.0000)

At time  4.8000:
Ball # 8 is at (76.254, 12.500) moving (   3.9677,    0.0000)

At time  4.8250:
Ball # 8 is at (76.353, 12.500) moving (   3.8712,    0.0000)

At time  4.8500:
Ball # 8 is at (76.450, 12.500) moving (   3.7747,    0.0000)

At time  4.8750:
Ball # 8 is at (76.545, 12.500) moving (   3.6782,    0.0000)

At time  4.9000:
Ball # 8 is at (76.637, 12.500) moving (   3.5817,    0.0000)

At time  4.9250:
Ball # 8 is at (76.726, 12.500) moving (   3.4851,    0.0000)

At time  4.9500:
Ball # 8 is at (76.813, 12.500) moving (   3.3886,    0.0000)

At time  4.9750:
Ball # 8 is at (76.898, 12.500) moving (   3.2921,    0.0000)

At time  5.0000:
Ball # 8 is at (76.980, 12.500) moving (   3.1956,    0.0000)

At time  5.0250:
Ball # 8 is at (77.060, 12.500) moving (   3.0990,    0.0000)

At time  5.0500:
Ball # 8 is at (77.138, 12.500) moving (   3.0025,    0.0000)

At time  5.0750:
Ball # 8 is at (77.213, 12.500) moving (   2.9060,    0.0000)

At time  5.1000:
Ball # 8 is at (77.285, 12.500) moving (   2.8095,    0.0000)

At time  5.1250:
Ball # 8 is at (77.356, 12.500) moving (   2.7130,    0.0000)

At time  5.1500:
Ball # 8 is at (77.423, 12.500) moving (   2.6164,    0.0000)

At time  5.1750:
Ball # 8 is at (77.489, 12.500) moving (   2.5199,    0.0000)

At time  5.2000:
Ball # 8 is at (77.552, 12.500) moving (   2.4234,    0.0000)

At time  5.2250:
Ball # 8 is at (77.612, 12.500) moving (   2.3269,    0.0000)

At time  5.2500:
Ball # 8 is at (77.671, 12.500) moving (   2.2303,    0.0000)

At time  5.2750:
Ball # 8 is at (77.726, 12.500) moving (   2.1338,    0.0000)

At time  5.3000:
Ball # 8 is at (77.780, 12.500) moving (   2.0373,    0.0000)

At time  5.3250:
Ball # 8 is at (77.831, 12.500) moving (   1.9408,    0.0000)

At time  5.3500:
Ball # 8 is at (77.879, 12.500) moving (   1.8443,    0.0000)

At time  5.3750:
Ball # 8 is at (77.925, 12.500) moving (   1.7477,    0.0000)

At time  5.4000:
Ball # 8 is at (77.969, 12.500) moving (   1.6512,    0.0000)

At time  5.4250:
Ball # 8 is at (78.010, 12.500) moving (   1.5547,    0.0000)

At time  5.4500:
Ball # 8 is at (78.049, 12.500) moving (   1.4582,    0.0000)

At time  5.4750:
Ball # 8 is at (78.085, 12.500) moving (   1.3617,    0.0000)

At time  5.5000:
Ball # 8 is at (78.120, 12.500) moving (   1.2651,    0.0000)

At time  5.5250:
Ball # 8 is at (78.151, 12.500) moving (   1.1686,    0.0000)

At time  5.5500:
Ball # 8 is at (78.180, 12.500) moving (   1.0721,    0.0000)

At time  5.5750:
Ball # 8 is at (78.207, 12.500) moving (   0.9756,    0.0000)

At time  5.6000:
Ball # 8 is at (78.232, 12.500) moving (   0.8790,    0.0000)

At time  5.6250:
Ball # 8 is at (78.254, 12.500) moving (   0.7825,    0.0000)

At time  5.6500:
Ball # 8 is at (78.273, 12.500) moving (   0.6860,    0.0000)

At time  5.6750:
Ball # 8 is at (78.290, 12.500) moving (   0.5895,    0.0000)

At time  5.7000:
Ball # 8 is at (78.305, 12.500) moving (   0.4930,    0.0000)

At time  5.7250:
Ball # 8 is at (78.317, 12.500) moving (   0.3964,    0.0000)

At time  5.7500:
Ball # 8 is at (78.327, 12.500) moving (   0.2999,    0.0000)

At time  5.7750:
Ball # 8 is at (78.335, 12.500) moving (   0.2034,    0.0000)

At time  5.8000:
Ball # 8 is at (78.340, 12.500) moving (   0.1069,    0.0000)

At time  5.8250:
Ball # 8 is at (78.342, 12.500) moving (   0.0103,    0.0000)

At time  5.8500:
Ball # 8 is at (78.343, 12.500) moving (   0.0000,    0.0000)

Simulation ends at sim elapsed time of  5.8500 seconds.
DIAGNOSTIC: 1 balls freed.
DIAGNOSTIC: 1 nodes freed.
Total run time is 0.012822866 seconds.
