Lab 2 starting ball 8
At time   0.000 Ball # 8 is at (12.500, 12.500)
At time   0.025 Ball # 8 is at (13.062, 12.500)
At time   0.050 Ball # 8 is at (13.625, 12.500)
At time   0.075 Ball # 8 is at (14.188, 12.500)
At time   0.100 Ball # 8 is at (14.750, 12.500)
At time   0.125 Ball # 8 is at (15.312, 12.500)
At time   0.150 Ball # 8 is at (15.875, 12.500)
At time   0.175 Ball # 8 is at (16.438, 12.500)
At time   0.200 Ball # 8 is at (17.000, 12.500)
At time   0.225 Ball # 8 is at (17.562, 12.500)
At time   0.250 Ball # 8 is at (18.125, 12.500)
At time   0.275 Ball # 8 is at (18.688, 12.500)
At time   0.300 Ball # 8 is at (19.250, 12.500)
At time   0.325 Ball # 8 is at (19.812, 12.500)
At time   0.350 Ball # 8 is at (20.375, 12.500)
At time   0.375 Ball # 8 is at (20.938, 12.500)
At time   0.400 Ball # 8 is at (21.500, 12.500)
At time   0.425 Ball # 8 is at (22.062, 12.500)
At time   0.450 Ball # 8 is at (22.625, 12.500)
At time   0.475 Ball # 8 is at (23.188, 12.500)
At time   0.500 Ball # 8 is at (23.750, 12.500)
At time   0.525 Ball # 8 is at (24.312, 12.500)
At time   0.550 Ball # 8 is at (24.875, 12.500)
At time   0.575 Ball # 8 is at (25.438, 12.500)
At time   0.600 Ball # 8 is at (26.000, 12.500)
At time   0.625 Ball # 8 is at (26.562, 12.500)
At time   0.650 Ball # 8 is at (27.125, 12.500)
At time   0.675 Ball # 8 is at (27.688, 12.500)
At time   0.700 Ball # 8 is at (28.250, 12.500)
At time   0.725 Ball # 8 is at (28.812, 12.500)
At time   0.750 Ball # 8 is at (29.375, 12.500)
At time   0.775 Ball # 8 is at (29.938, 12.500)
At time   0.800 Ball # 8 is at (30.500, 12.500)
At time   0.825 Ball # 8 is at (31.062, 12.500)
At time   0.850 Ball # 8 is at (31.625, 12.500)
At time   0.875 Ball # 8 is at (32.188, 12.500)
At time   0.900 Ball # 8 is at (32.750, 12.500)
At time   0.925 Ball # 8 is at (33.312, 12.500)
At time   0.950 Ball # 8 is at (33.875, 12.500)
At time   0.975 Ball # 8 is at (34.438, 12.500)
At time   1.000 Ball # 8 is at (35.000, 12.500)
At time   1.025 Ball # 8 is at (35.562, 12.500)
At time   1.050 Ball # 8 is at (36.125, 12.500)
At time   1.075 Ball # 8 is at (36.688, 12.500)
At time   1.100 Ball # 8 is at (37.250, 12.500)
At time   1.125 Ball # 8 is at (37.812, 12.500)
At time   1.150 Ball # 8 is at (38.375, 12.500)
At time   1.175 Ball # 8 is at (38.938, 12.500)
At time   1.200 Ball # 8 is at (39.500, 12.500)
At time   1.225 Ball # 8 is at (40.062, 12.500)
At time   1.250 Ball # 8 is at (40.625, 12.500)
At time   1.275 Ball # 8 is at (41.188, 12.500)
At time   1.300 Ball # 8 is at (41.750, 12.500)
At time   1.325 Ball # 8 is at (42.312, 12.500)
At time   1.350 Ball # 8 is at (42.875, 12.500)
At time   1.375 Ball # 8 is at (43.438, 12.500)
At time   1.400 Ball # 8 is at (44.000, 12.500)
At time   1.425 Ball # 8 is at (44.562, 12.500)
At time   1.450 Ball # 8 is at (45.125, 12.500)
At time   1.475 Ball # 8 is at (45.688, 12.500)
At time   1.500 Ball # 8 is at (46.250, 12.500)
At time   1.525 Ball # 8 is at (46.812, 12.500)
At time   1.550 Ball # 8 is at (47.375, 12.500)
At time   1.575 Ball # 8 is at (47.938, 12.500)
At time   1.600 Ball # 8 is at (48.500, 12.500)
At time   1.625 Ball # 8 is at (49.062, 12.500)
At time   1.650 Ball # 8 is at (49.625, 12.500)
At time   1.675 Ball # 8 is at (50.188, 12.500)
At time   1.700 Ball # 8 is at (50.750, 12.500)
At time   1.725 Ball # 8 is at (51.312, 12.500)
At time   1.750 Ball # 8 is at (51.875, 12.500)
At time   1.775 Ball # 8 is at (52.438, 12.500)
At time   1.800 Ball # 8 is at (53.000, 12.500)
At time   1.825 Ball # 8 is at (53.562, 12.500)
At time   1.850 Ball # 8 is at (54.125, 12.500)
At time   1.875 Ball # 8 is at (54.688, 12.500)
At time   1.900 Ball # 8 is at (55.250, 12.500)
At time   1.925 Ball # 8 is at (55.812, 12.500)
At time   1.950 Ball # 8 is at (56.375, 12.500)
At time   1.975 Ball # 8 is at (56.938, 12.500)
At time   2.000 Ball # 8 is at (57.500, 12.500)
At time   2.025 Ball # 8 is at (58.062, 12.500)
At time   2.050 Ball # 8 is at (58.625, 12.500)
At time   2.075 Ball # 8 is at (59.188, 12.500)
At time   2.100 Ball # 8 is at (59.750, 12.500)
At time   2.125 Ball # 8 is at (60.312, 12.500)
At time   2.150 Ball # 8 is at (60.875, 12.500)
At time   2.175 Ball # 8 is at (61.438, 12.500)
At time   2.200 Ball # 8 is at (62.000, 12.500)
At time   2.225 Ball # 8 is at (62.562, 12.500)
At time   2.250 Ball # 8 is at (63.125, 12.500)
At time   2.275 Ball # 8 is at (63.688, 12.500)
At time   2.300 Ball # 8 is at (64.250, 12.500)
At time   2.325 Ball # 8 is at (64.812, 12.500)
At time   2.350 Ball # 8 is at (65.375, 12.500)
At time   2.375 Ball # 8 is at (65.938, 12.500)
At time   2.400 Ball # 8 is at (66.500, 12.500)
At time   2.425 Ball # 8 is at (67.062, 12.500)
At time   2.450 Ball # 8 is at (67.625, 12.500)
At time   2.475 Ball # 8 is at (68.188, 12.500)
At time   2.500 Ball # 8 is at (68.750, 12.500)
At time   2.525 Ball # 8 is at (69.312, 12.500)
At time   2.550 Ball # 8 is at (69.875, 12.500)
At time   2.575 Ball # 8 is at (70.438, 12.500)
At time   2.600 Ball # 8 is at (71.000, 12.500)
At time   2.625 Ball # 8 is at (71.562, 12.500)
At time   2.650 Ball # 8 is at (72.125, 12.500)
At time   2.675 Ball # 8 is at (72.688, 12.500)
At time   2.700 Ball # 8 is at (73.250, 12.500)
At time   2.725 Ball # 8 is at (73.812, 12.500)
At time   2.750 Ball # 8 is at (74.375, 12.500)
At time   2.775 Ball # 8 is at (74.938, 12.500)
At time   2.800 Ball # 8 is at (75.500, 12.500)
At time   2.825 Ball # 8 is at (76.062, 12.500)
At time   2.850 Ball # 8 is at (76.625, 12.500)
At time   2.875 Ball # 8 is at (77.188, 12.500)
At time   2.900 Ball # 8 is at (77.750, 12.500)
At time   2.925 Ball # 8 is at (78.312, 12.500)
At time   2.950 Ball # 8 is at (78.875, 12.500)
At time   2.975 Ball # 8 is at (79.438, 12.500)
At time   3.000 Ball # 8 is at (80.000, 12.500)
At time   3.025 Ball # 8 is at (80.562, 12.500)
At time   3.050 Ball # 8 is at (81.125, 12.500)
At time   3.075 Ball # 8 is at (81.688, 12.500)
At time   3.100 Ball # 8 is at (82.250, 12.500)
At time   3.125 Ball # 8 is at (82.812, 12.500)
At time   3.150 Ball # 8 is at (83.375, 12.500)
At time   3.175 Ball # 8 is at (83.938, 12.500)
At time   3.200 Ball # 8 is at (84.500, 12.500)
At time   3.225 Ball # 8 is at (85.062, 12.500)
At time   3.250 Ball # 8 is at (85.625, 12.500)
At time   3.275 Ball # 8 is at (86.188, 12.500)
At time   3.300 Ball # 8 is at (86.750, 12.500)
At time   3.325 Ball # 8 is at (87.312, 12.500)
At time   3.350 Ball # 8 is at (87.875, 12.500)
At time   3.375 Ball # 8 is at (88.438, 12.500)
At time   3.400 Ball # 8 is at (89.000, 12.500)
At time   3.425 Ball # 8 is at (89.562, 12.500)
At time   3.450 Ball # 8 is at (90.125, 12.500)
At time   3.475 Ball # 8 is at (90.688, 12.500)
At time   3.500 Ball # 8 is at (91.250, 12.500)
At time   3.525 Ball # 8 is at (91.812, 12.500)
At time   3.550 Ball # 8 is at (92.375, 12.500)
At time   3.575 Ball # 8 is at (92.938, 12.500)
At time   3.600 Ball # 8 is at (93.500, 12.500)
At time   3.625 Ball # 8 is at (94.062, 12.500)
At time   3.650 Ball # 8 is at (94.625, 12.500)
At time   3.675 Ball # 8 is at (95.188, 12.500)
At time   3.700 Ball # 8 is at (95.750, 12.500)
At time   3.725 Ball # 8 is at (96.312, 12.500)
At time   3.750 Ball # 8 is at (96.875, 12.500)
At time   3.775 Ball # 8 is at (97.438, 12.500)
At time   3.800 Ball # 8 is at (98.000, 12.500)
At time   3.825 Ball # 8 is at (98.562, 12.500)
At time   3.850 Ball # 8 is at (99.125, 12.500)
At time   3.875 Ball # 8 is at (99.688, 12.500)
Ball # 8 is off the table at (100.250, 12.500) at time   3.900
Ending: scanf returned -1
Total run time is 0.000314474 seconds.
